<?xml version="1.0" encoding="UTF-8"?>
<!-- Generated by org.testng.reporters.JUnitReportReporter -->
<testsuite name="com.magento.testcases.EditAccountInfoTest" tests="1" time="21.401" ignored="0" failures="0" timestamp="06 Mar 2021 16:55:11 GMT" skipped="0" hostname="Jordan-PC" errors="0">
  <testcase name="EditAccountInformation" time="21.401" classname="com.magento.testcases.EditAccountInfoTest"/>
</testsuite> <!-- com.magento.testcases.EditAccountInfoTest -->
